<?xml version="1.0" encoding="UTF-8"?>
<testsuite xmlns:xsi="http://www.w3.org/2001/XMLSchema-instance" xsi:noNamespaceSchemaLocation="https://maven.apache.org/surefire/maven-surefire-plugin/xsd/surefire-test-report-3.0.xsd" version="3.0" name="TestSuite" time="24.215" tests="42" errors="0" skipped="0" failures="0">
  <properties>
[...]
</properties>
  <testcase name="tc01_resultsSectionHiddenOnLoad" classname="com.crd.rebalancing.tests.RebalancingTest" time="0.119">
    <system-out><![CDATA[...
... TestNG 7.9.0 by Cédric Beust (cedric@beust.com)
...

22:27:29.382 [main] INFO  c.c.r.tests.RebalancingTest - App URL resolved: file:/app/src/test/resources/index.html
22:27:29.386 [main] INFO  c.c.rebalancing.utils.DriverManager - Initialising ChromeDriver...
22:27:32.507 [main] DEBUG c.c.rebalancing.utils.DriverManager - ChromeDriver binary resolved by WebDriverManager
22:27:32.531 [main] DEBUG c.c.rebalancing.utils.DriverManager - ChromeOptions configured: headless, no-sandbox, window=1440x900
22:27:36.249 [main] INFO  c.c.rebalancing.utils.DriverManager - ChromeDriver started successfully
22:27:36.250 [main] INFO  c.c.r.tests.RebalancingTest - ChromeDriver initialised for test class
22:27:36.286 [main] DEBUG c.c.r.tests.RebalancingTest - Loading application page: file:/app/src/test/resources/index.html
22:27:37.540 [main] DEBUG c.c.r.tests.RebalancingTest - Page loaded successfully
]]></system-out>
    <system-err><![CDATA[Jun 04, 2026 10:27:36 PM org.openqa.selenium.devtools.CdpVersionFinder findNearestMatch
WARNING: Unable to find CDP implementation matching 149
Jun 04, 2026 10:27:36 PM org.openqa.selenium.chromium.ChromiumDriver lambda$new$5
WARNING: Unable to find version of CDP to use for 149.0.7827.53. You may need to include a dependency on a specific version of the CDP using something similar to `org.seleniumhq.selenium:selenium-devtools-v86:4.18.1` where the version ("v86") matches the version of the chromium-based browser you're using and the version number of the artifact is the same as Selenium's.
]]></system-err>
  </testcase>
  <testcase name="tc02_pageTitle" classname="com.crd.rebalancing.tests.RebalancingTest" time="0.029">
    <system-out><![CDATA[22:27:37.804 [main] DEBUG c.c.r.tests.RebalancingTest - Loading application page: file:/app/src/test/resources/index.html
22:27:37.971 [main] DEBUG c.c.r.tests.RebalancingTest - Page loaded successfully
]]></system-out>
  </testcase>
  <testcase name="tc02b_calculateButtonVisibleAndEnabled" classname="com.crd.rebalancing.tests.RebalancingTest" time="0.068">
    <system-out><![CDATA[22:27:38.002 [main] DEBUG c.c.r.tests.RebalancingTest - Loading application page: file:/app/src/test/resources/index.html
22:27:38.074 [main] DEBUG c.c.r.tests.RebalancingTest - Page loaded successfully
]]></system-out>
  </testcase>
  <testcase name="tc03_resultsSectionVisibleAfterCalculate" classname="com.crd.rebalancing.tests.RebalancingTest" time="0.2">
    <system-out><![CDATA[22:27:38.146 [main] DEBUG c.c.r.tests.RebalancingTest - Loading application page: file:/app/src/test/resources/index.html
22:27:38.222 [main] DEBUG c.c.r.tests.RebalancingTest - Page loaded successfully
]]></system-out>
  </testcase>
  <testcase name="tc04_resetHidesResults" classname="com.crd.rebalancing.tests.RebalancingTest" time="0.196">
    <system-out><![CDATA[22:27:38.427 [main] DEBUG c.c.r.tests.RebalancingTest - Loading application page: file:/app/src/test/resources/index.html
22:27:38.489 [main] DEBUG c.c.r.tests.RebalancingTest - Page loaded successfully
]]></system-out>
  </testcase>
  <testcase name="tc05_ibmActionIsBuy" classname="com.crd.rebalancing.tests.RebalancingTest" time="0.134">
    <system-out><![CDATA[22:27:38.692 [main] DEBUG c.c.r.tests.RebalancingTest - Loading application page: file:/app/src/test/resources/index.html
22:27:38.737 [main] DEBUG c.c.r.tests.RebalancingTest - Page loaded successfully
]]></system-out>
  </testcase>
  <testcase name="tc06_ibmSharesToBuy" classname="com.crd.rebalancing.tests.RebalancingTest" time="0.106">
    <system-out><![CDATA[22:27:38.875 [main] DEBUG c.c.r.tests.RebalancingTest - Loading application page: file:/app/src/test/resources/index.html
22:27:38.918 [main] DEBUG c.c.r.tests.RebalancingTest - Page loaded successfully
]]></system-out>
  </testcase>
  <testcase name="tc07_msftActionIsHold" classname="com.crd.rebalancing.tests.RebalancingTest" time="0.15">
    <system-out><![CDATA[22:27:39.030 [main] DEBUG c.c.r.tests.RebalancingTest - Loading application page: file:/app/src/test/resources/index.html
22:27:39.103 [main] DEBUG c.c.r.tests.RebalancingTest - Page loaded successfully
]]></system-out>
  </testcase>
  <testcase name="tc08_orclActionIsSell" classname="com.crd.rebalancing.tests.RebalancingTest" time="0.12">
    <system-out><![CDATA[22:27:39.258 [main] DEBUG c.c.r.tests.RebalancingTest - Loading application page: file:/app/src/test/resources/index.html
22:27:39.308 [main] DEBUG c.c.r.tests.RebalancingTest - Page loaded successfully
]]></system-out>
  </testcase>
  <testcase name="tc09_orclSharesToSell" classname="com.crd.rebalancing.tests.RebalancingTest" time="0.101">
    <system-out><![CDATA[22:27:39.432 [main] DEBUG c.c.r.tests.RebalancingTest - Loading application page: file:/app/src/test/resources/index.html
22:27:39.476 [main] DEBUG c.c.r.tests.RebalancingTest - Page loaded successfully
]]></system-out>
  </testcase>
  <testcase name="tc10_aaplHold" classname="com.crd.rebalancing.tests.RebalancingTest" time="0.124">
    <system-out><![CDATA[22:27:39.581 [main] DEBUG c.c.r.tests.RebalancingTest - Loading application page: file:/app/src/test/resources/index.html
22:27:39.647 [main] DEBUG c.c.r.tests.RebalancingTest - Page loaded successfully
]]></system-out>
  </testcase>
  <testcase name="tc11_hdHold" classname="com.crd.rebalancing.tests.RebalancingTest" time="0.13">
    <system-out><![CDATA[22:27:39.776 [main] DEBUG c.c.r.tests.RebalancingTest - Loading application page: file:/app/src/test/resources/index.html
22:27:39.817 [main] DEBUG c.c.r.tests.RebalancingTest - Page loaded successfully
]]></system-out>
  </testcase>
  <testcase name="tc12_resultRowCount" classname="com.crd.rebalancing.tests.RebalancingTest" time="0.074">
    <system-out><![CDATA[22:27:39.951 [main] DEBUG c.c.r.tests.RebalancingTest - Loading application page: file:/app/src/test/resources/index.html
22:27:39.988 [main] DEBUG c.c.r.tests.RebalancingTest - Page loaded successfully
]]></system-out>
  </testcase>
  <testcase name="tc13_ibmDollarAmount" classname="com.crd.rebalancing.tests.RebalancingTest" time="0.138">
    <system-out><![CDATA[22:27:40.067 [main] DEBUG c.c.r.tests.RebalancingTest - Loading application page: file:/app/src/test/resources/index.html
22:27:40.102 [main] DEBUG c.c.r.tests.RebalancingTest - Page loaded successfully
]]></system-out>
  </testcase>
  <testcase name="tc14_orclDollarAmount" classname="com.crd.rebalancing.tests.RebalancingTest" time="0.087">
    <system-out><![CDATA[22:27:40.245 [main] DEBUG c.c.r.tests.RebalancingTest - Loading application page: file:/app/src/test/resources/index.html
22:27:40.304 [main] DEBUG c.c.r.tests.RebalancingTest - Page loaded successfully
]]></system-out>
  </testcase>
  <testcase name="tc15_msftDollarAmountZero" classname="com.crd.rebalancing.tests.RebalancingTest" time="0.081">
    <system-out><![CDATA[22:27:40.394 [main] DEBUG c.c.r.tests.RebalancingTest - Loading application page: file:/app/src/test/resources/index.html
22:27:40.432 [main] DEBUG c.c.r.tests.RebalancingTest - Page loaded successfully
]]></system-out>
  </testcase>
  <testcase name="tc16_ibmVarianceDisplay" classname="com.crd.rebalancing.tests.RebalancingTest" time="0.091">
    <system-out><![CDATA[22:27:40.517 [main] DEBUG c.c.r.tests.RebalancingTest - Loading application page: file:/app/src/test/resources/index.html
22:27:40.561 [main] DEBUG c.c.r.tests.RebalancingTest - Page loaded successfully
]]></system-out>
  </testcase>
  <testcase name="tc17_orclVarianceDisplay" classname="com.crd.rebalancing.tests.RebalancingTest" time="0.099">
    <system-out><![CDATA[22:27:40.657 [main] DEBUG c.c.r.tests.RebalancingTest - Loading application page: file:/app/src/test/resources/index.html
22:27:40.699 [main] DEBUG c.c.r.tests.RebalancingTest - Page loaded successfully
]]></system-out>
  </testcase>
  <testcase name="tc18_zeroPriceShowsError" classname="com.crd.rebalancing.tests.RebalancingTest" time="0.491">
    <system-out><![CDATA[22:27:40.802 [main] DEBUG c.c.r.tests.RebalancingTest - Loading application page: file:/app/src/test/resources/index.html
22:27:40.845 [main] DEBUG c.c.r.tests.RebalancingTest - Page loaded successfully
]]></system-out>
  </testcase>
  <testcase name="tc19_zeroTotalAssetsShowsError" classname="com.crd.rebalancing.tests.RebalancingTest" time="0.158">
    <system-out><![CDATA[22:27:41.339 [main] DEBUG c.c.r.tests.RebalancingTest - Loading application page: file:/app/src/test/resources/index.html
22:27:41.415 [main] DEBUG c.c.r.tests.RebalancingTest - Page loaded successfully
]]></system-out>
  </testcase>
  <testcase name="tc19b_negativeTotalAssetsShowsError" classname="com.crd.rebalancing.tests.RebalancingTest" time="0.152">
    <system-out><![CDATA[22:27:41.577 [main] DEBUG c.c.r.tests.RebalancingTest - Loading application page: file:/app/src/test/resources/index.html
22:27:41.613 [main] DEBUG c.c.r.tests.RebalancingTest - Page loaded successfully
]]></system-out>
  </testcase>
  <testcase name="tc20_largePortfolioScalesCorrectly" classname="com.crd.rebalancing.tests.RebalancingTest" time="0.148">
    <system-out><![CDATA[22:27:41.773 [main] DEBUG c.c.r.tests.RebalancingTest - Loading application page: file:/app/src/test/resources/index.html
22:27:41.815 [main] DEBUG c.c.r.tests.RebalancingTest - Page loaded successfully
]]></system-out>
  </testcase>
  <testcase name="tc21_lowUnitPriceLargeShares" classname="com.crd.rebalancing.tests.RebalancingTest" time="0.331">
    <system-out><![CDATA[22:27:41.966 [main] DEBUG c.c.r.tests.RebalancingTest - Loading application page: file:/app/src/test/resources/index.html
22:27:42.001 [main] DEBUG c.c.r.tests.RebalancingTest - Page loaded successfully
]]></system-out>
  </testcase>
  <testcase name="tc22_allZeroVarianceAllHold" classname="com.crd.rebalancing.tests.RebalancingTest" time="1.843">
    <system-out><![CDATA[22:27:42.338 [main] DEBUG c.c.r.tests.RebalancingTest - Loading application page: file:/app/src/test/resources/index.html
22:27:42.380 [main] DEBUG c.c.r.tests.RebalancingTest - Page loaded successfully
]]></system-out>
  </testcase>
  <testcase name="tc23_allSecuritiesNeedBuy" classname="com.crd.rebalancing.tests.RebalancingTest" time="1.478">
    <system-out><![CDATA[22:27:44.229 [main] DEBUG c.c.r.tests.RebalancingTest - Loading application page: file:/app/src/test/resources/index.html
22:27:44.285 [main] DEBUG c.c.r.tests.RebalancingTest - Page loaded successfully
]]></system-out>
  </testcase>
  <testcase name="tc24_allSecuritiesNeedSell" classname="com.crd.rebalancing.tests.RebalancingTest" time="1.703">
    <system-out><![CDATA[22:27:45.768 [main] DEBUG c.c.r.tests.RebalancingTest - Loading application page: file:/app/src/test/resources/index.html
22:27:45.807 [main] DEBUG c.c.r.tests.RebalancingTest - Page loaded successfully
]]></system-out>
  </testcase>
  <testcase name="tc25_ibmSharesForDifferentPortfolioSizes[100000, 66](1)" classname="com.crd.rebalancing.tests.RebalancingTest" time="0.242">
    <system-out><![CDATA[22:27:47.545 [main] DEBUG c.c.r.tests.RebalancingTest - Loading application page: file:/app/src/test/resources/index.html
22:27:47.661 [main] DEBUG c.c.r.tests.RebalancingTest - Page loaded successfully
]]></system-out>
  </testcase>
  <testcase name="tc25_ibmSharesForDifferentPortfolioSizes[200000, 133](2)" classname="com.crd.rebalancing.tests.RebalancingTest" time="0.185">
    <system-out><![CDATA[22:27:47.911 [main] DEBUG c.c.r.tests.RebalancingTest - Loading application page: file:/app/src/test/resources/index.html
22:27:47.954 [main] DEBUG c.c.r.tests.RebalancingTest - Page loaded successfully
]]></system-out>
  </testcase>
  <testcase name="tc25_ibmSharesForDifferentPortfolioSizes[50000, 33](3)" classname="com.crd.rebalancing.tests.RebalancingTest" time="0.156">
    <system-out><![CDATA[22:27:48.145 [main] DEBUG c.c.r.tests.RebalancingTest - Loading application page: file:/app/src/test/resources/index.html
22:27:48.190 [main] DEBUG c.c.r.tests.RebalancingTest - Page loaded successfully
]]></system-out>
  </testcase>
  <testcase name="tc25_ibmSharesForDifferentPortfolioSizes[1500000, 1000](4)" classname="com.crd.rebalancing.tests.RebalancingTest" time="0.18">
    <system-out><![CDATA[22:27:48.348 [main] DEBUG c.c.r.tests.RebalancingTest - Loading application page: file:/app/src/test/resources/index.html
22:27:48.452 [main] DEBUG c.c.r.tests.RebalancingTest - Page loaded successfully
]]></system-out>
  </testcase>
  <testcase name="tc25_ibmSharesForDifferentPortfolioSizes[1000, 0](5)" classname="com.crd.rebalancing.tests.RebalancingTest" time="0.161">
    <system-out><![CDATA[22:27:48.637 [main] DEBUG c.c.r.tests.RebalancingTest - Loading application page: file:/app/src/test/resources/index.html
22:27:48.688 [main] DEBUG c.c.r.tests.RebalancingTest - Page loaded successfully
]]></system-out>
  </testcase>
  <testcase name="tc26_correctSharesPerSecurity[IBM, 66, BUY](1)" classname="com.crd.rebalancing.tests.RebalancingTest" time="0.106">
    <system-out><![CDATA[22:27:48.852 [main] DEBUG c.c.r.tests.RebalancingTest - Loading application page: file:/app/src/test/resources/index.html
22:27:48.892 [main] DEBUG c.c.r.tests.RebalancingTest - Page loaded successfully
]]></system-out>
  </testcase>
  <testcase name="tc26_correctSharesPerSecurity[MSFT, 0, HOLD](2)" classname="com.crd.rebalancing.tests.RebalancingTest" time="0.14">
    <system-out><![CDATA[22:27:49.004 [main] DEBUG c.c.r.tests.RebalancingTest - Loading application page: file:/app/src/test/resources/index.html
22:27:49.042 [main] DEBUG c.c.r.tests.RebalancingTest - Page loaded successfully
]]></system-out>
  </testcase>
  <testcase name="tc26_correctSharesPerSecurity[ORCL, 45, SELL](3)" classname="com.crd.rebalancing.tests.RebalancingTest" time="0.11">
    <system-out><![CDATA[22:27:49.184 [main] DEBUG c.c.r.tests.RebalancingTest - Loading application page: file:/app/src/test/resources/index.html
22:27:49.227 [main] DEBUG c.c.r.tests.RebalancingTest - Page loaded successfully
]]></system-out>
  </testcase>
  <testcase name="tc26_correctSharesPerSecurity[AAPL, 0, HOLD](4)" classname="com.crd.rebalancing.tests.RebalancingTest" time="0.123">
    <system-out><![CDATA[22:27:49.339 [main] DEBUG c.c.r.tests.RebalancingTest - Loading application page: file:/app/src/test/resources/index.html
22:27:49.379 [main] DEBUG c.c.r.tests.RebalancingTest - Page loaded successfully
]]></system-out>
  </testcase>
  <testcase name="tc26_correctSharesPerSecurity[HD, 0, HOLD](5)" classname="com.crd.rebalancing.tests.RebalancingTest" time="0.198">
    <system-out><![CDATA[22:27:49.507 [main] DEBUG c.c.r.tests.RebalancingTest - Loading application page: file:/app/src/test/resources/index.html
22:27:49.541 [main] DEBUG c.c.r.tests.RebalancingTest - Page loaded successfully
]]></system-out>
  </testcase>
  <testcase name="tc27_addedSecurityAppearsInResults" classname="com.crd.rebalancing.tests.RebalancingTest" time="1.581">
    <system-out><![CDATA[22:27:49.743 [main] DEBUG c.c.r.tests.RebalancingTest - Loading application page: file:/app/src/test/resources/index.html
22:27:49.783 [main] DEBUG c.c.r.tests.RebalancingTest - Page loaded successfully
]]></system-out>
  </testcase>
  <testcase name="tc28_calculatorActionBuy" classname="com.crd.rebalancing.tests.RebalancingTest" time="0.013">
    <system-out><![CDATA[22:27:51.368 [main] DEBUG c.c.r.tests.RebalancingTest - Loading application page: file:/app/src/test/resources/index.html
22:27:51.409 [main] DEBUG c.c.r.tests.RebalancingTest - Page loaded successfully
]]></system-out>
  </testcase>
  <testcase name="tc29_calculatorActionSell" classname="com.crd.rebalancing.tests.RebalancingTest" time="0.007">
    <system-out><![CDATA[22:27:51.431 [main] DEBUG c.c.r.tests.RebalancingTest - Loading application page: file:/app/src/test/resources/index.html
22:27:51.618 [main] DEBUG c.c.r.tests.RebalancingTest - Page loaded successfully
]]></system-out>
  </testcase>
  <testcase name="tc30_calculatorActionHold" classname="com.crd.rebalancing.tests.RebalancingTest" time="0.004">
    <system-out><![CDATA[22:27:51.634 [main] DEBUG c.c.r.tests.RebalancingTest - Loading application page: file:/app/src/test/resources/index.html
22:27:51.675 [main] DEBUG c.c.r.tests.RebalancingTest - Page loaded successfully
]]></system-out>
  </testcase>
  <testcase name="tc31_shareCountUseFloor" classname="com.crd.rebalancing.tests.RebalancingTest" time="0.002">
    <system-out><![CDATA[22:27:51.683 [main] DEBUG c.c.r.tests.RebalancingTest - Loading application page: file:/app/src/test/resources/index.html
22:27:51.723 [main] DEBUG c.c.r.tests.RebalancingTest - Page loaded successfully
]]></system-out>
  </testcase>
  <testcase name="tc32_dollarAmountFormula" classname="com.crd.rebalancing.tests.RebalancingTest" time="0.003">
    <system-out><![CDATA[22:27:51.729 [main] DEBUG c.c.r.tests.RebalancingTest - Loading application page: file:/app/src/test/resources/index.html
22:27:51.771 [main] DEBUG c.c.r.tests.RebalancingTest - Page loaded successfully
]]></system-out>
  </testcase>
</testsuite>