<?xml version="1.0" encoding="UTF-8"?>
<testng-results ignored="0" total="42" passed="42" failed="0" skipped="0">
  <reporter-output>
  </reporter-output>
  <suite started-at="2026-06-04T22:27:29 UTC" name="Portfolio Rebalancing Test Suite" finished-at="2026-06-04T22:27:51 UTC" duration-ms="22682">
    <groups>
    </groups>
    <test started-at="2026-06-04T22:27:29 UTC" name="All Tests" finished-at="2026-06-04T22:27:51 UTC" duration-ms="22682">
      <class name="com.crd.rebalancing.tests.RebalancingTest">
        <test-method is-config="true" signature="classSetup()[pri:0, instance:com.crd.rebalancing.tests.RebalancingTest@3fed2870]" started-at="2026-06-04T22:27:29 UTC" name="classSetup" finished-at="2026-06-04T22:27:36 UTC" duration-ms="6900" status="PASS">
          <reporter-output>
          </reporter-output>
        </test-method> <!-- classSetup -->
        <test-method is-config="true" signature="setUp()[pri:0, instance:com.crd.rebalancing.tests.RebalancingTest@3fed2870]" started-at="2026-06-04T22:27:36 UTC" name="setUp" finished-at="2026-06-04T22:27:37 UTC" duration-ms="1260" status="PASS">
          <reporter-output>
          </reporter-output>
        </test-method> <!-- setUp -->
        <test-method signature="tc01_resultsSectionHiddenOnLoad()[pri:0, instance:com.crd.rebalancing.tests.RebalancingTest@3fed2870]" started-at="2026-06-04T22:27:37 UTC" name="tc01_resultsSectionHiddenOnLoad" description="TC-01: Results section is hidden before calculation" finished-at="2026-06-04T22:27:37 UTC" duration-ms="97" status="PASS">
          <reporter-output>
          </reporter-output>
        </test-method> <!-- tc01_resultsSectionHiddenOnLoad -->
        <test-method is-config="true" signature="setUp()[pri:0, instance:com.crd.rebalancing.tests.RebalancingTest@3fed2870]" started-at="2026-06-04T22:27:37 UTC" name="setUp" finished-at="2026-06-04T22:27:37 UTC" duration-ms="168" status="PASS">
          <reporter-output>
          </reporter-output>
        </test-method> <!-- setUp -->
        <test-method signature="tc02_pageTitle()[pri:0, instance:com.crd.rebalancing.tests.RebalancingTest@3fed2870]" started-at="2026-06-04T22:27:37 UTC" name="tc02_pageTitle" description="TC-02: Page title is correct" finished-at="2026-06-04T22:27:37 UTC" duration-ms="24" status="PASS">
          <reporter-output>
          </reporter-output>
        </test-method> <!-- tc02_pageTitle -->
        <test-method is-config="true" signature="setUp()[pri:0, instance:com.crd.rebalancing.tests.RebalancingTest@3fed2870]" started-at="2026-06-04T22:27:38 UTC" name="setUp" finished-at="2026-06-04T22:27:38 UTC" duration-ms="75" status="PASS">
          <reporter-output>
          </reporter-output>
        </test-method> <!-- setUp -->
        <test-method signature="tc02b_calculateButtonVisibleAndEnabled()[pri:0, instance:com.crd.rebalancing.tests.RebalancingTest@3fed2870]" started-at="2026-06-04T22:27:38 UTC" name="tc02b_calculateButtonVisibleAndEnabled" description="TC-02b: Calculate button is present and clickable" finished-at="2026-06-04T22:27:38 UTC" duration-ms="66" status="PASS">
          <reporter-output>
          </reporter-output>
        </test-method> <!-- tc02b_calculateButtonVisibleAndEnabled -->
        <test-method is-config="true" signature="setUp()[pri:0, instance:com.crd.rebalancing.tests.RebalancingTest@3fed2870]" started-at="2026-06-04T22:27:38 UTC" name="setUp" finished-at="2026-06-04T22:27:38 UTC" duration-ms="77" status="PASS">
          <reporter-output>
          </reporter-output>
        </test-method> <!-- setUp -->
        <test-method signature="tc03_resultsSectionVisibleAfterCalculate()[pri:0, instance:com.crd.rebalancing.tests.RebalancingTest@3fed2870]" started-at="2026-06-04T22:27:38 UTC" name="tc03_resultsSectionVisibleAfterCalculate" description="TC-03: Results section appears after Calculate" finished-at="2026-06-04T22:27:38 UTC" duration-ms="198" status="PASS">
          <reporter-output>
          </reporter-output>
        </test-method> <!-- tc03_resultsSectionVisibleAfterCalculate -->
        <test-method is-config="true" signature="setUp()[pri:0, instance:com.crd.rebalancing.tests.RebalancingTest@3fed2870]" started-at="2026-06-04T22:27:38 UTC" name="setUp" finished-at="2026-06-04T22:27:38 UTC" duration-ms="63" status="PASS">
          <reporter-output>
          </reporter-output>
        </test-method> <!-- setUp -->
        <test-method signature="tc04_resetHidesResults()[pri:0, instance:com.crd.rebalancing.tests.RebalancingTest@3fed2870]" started-at="2026-06-04T22:27:38 UTC" name="tc04_resetHidesResults" description="TC-04: Reset clears results table" finished-at="2026-06-04T22:27:38 UTC" duration-ms="195" status="PASS">
          <reporter-output>
          </reporter-output>
        </test-method> <!-- tc04_resetHidesResults -->
        <test-method is-config="true" signature="setUp()[pri:0, instance:com.crd.rebalancing.tests.RebalancingTest@3fed2870]" started-at="2026-06-04T22:27:38 UTC" name="setUp" finished-at="2026-06-04T22:27:38 UTC" duration-ms="45" status="PASS">
          <reporter-output>
          </reporter-output>
        </test-method> <!-- setUp -->
        <test-method signature="tc05_ibmActionIsBuy()[pri:0, instance:com.crd.rebalancing.tests.RebalancingTest@3fed2870]" started-at="2026-06-04T22:27:38 UTC" name="tc05_ibmActionIsBuy" description="TC-05: IBM action is BUY (negative variance)" finished-at="2026-06-04T22:27:38 UTC" duration-ms="132" status="PASS">
          <reporter-output>
          </reporter-output>
        </test-method> <!-- tc05_ibmActionIsBuy -->
        <test-method is-config="true" signature="setUp()[pri:0, instance:com.crd.rebalancing.tests.RebalancingTest@3fed2870]" started-at="2026-06-04T22:27:38 UTC" name="setUp" finished-at="2026-06-04T22:27:38 UTC" duration-ms="44" status="PASS">
          <reporter-output>
          </reporter-output>
        </test-method> <!-- setUp -->
        <test-method signature="tc06_ibmSharesToBuy()[pri:0, instance:com.crd.rebalancing.tests.RebalancingTest@3fed2870]" started-at="2026-06-04T22:27:38 UTC" name="tc06_ibmSharesToBuy" description="TC-06: IBM shares to buy = 66" finished-at="2026-06-04T22:27:39 UTC" duration-ms="105" status="PASS">
          <reporter-output>
          </reporter-output>
        </test-method> <!-- tc06_ibmSharesToBuy -->
        <test-method is-config="true" signature="setUp()[pri:0, instance:com.crd.rebalancing.tests.RebalancingTest@3fed2870]" started-at="2026-06-04T22:27:39 UTC" name="setUp" finished-at="2026-06-04T22:27:39 UTC" duration-ms="76" status="PASS">
          <reporter-output>
          </reporter-output>
        </test-method> <!-- setUp -->
        <test-method signature="tc07_msftActionIsHold()[pri:0, instance:com.crd.rebalancing.tests.RebalancingTest@3fed2870]" started-at="2026-06-04T22:27:39 UTC" name="tc07_msftActionIsHold" description="TC-07: MSFT action is HOLD with 0 shares" finished-at="2026-06-04T22:27:39 UTC" duration-ms="148" status="PASS">
          <reporter-output>
          </reporter-output>
        </test-method> <!-- tc07_msftActionIsHold -->
        <test-method is-config="true" signature="setUp()[pri:0, instance:com.crd.rebalancing.tests.RebalancingTest@3fed2870]" started-at="2026-06-04T22:27:39 UTC" name="setUp" finished-at="2026-06-04T22:27:39 UTC" duration-ms="51" status="PASS">
          <reporter-output>
          </reporter-output>
        </test-method> <!-- setUp -->
        <test-method signature="tc08_orclActionIsSell()[pri:0, instance:com.crd.rebalancing.tests.RebalancingTest@3fed2870]" started-at="2026-06-04T22:27:39 UTC" name="tc08_orclActionIsSell" description="TC-08: ORCL action is SELL (positive variance)" finished-at="2026-06-04T22:27:39 UTC" duration-ms="117" status="PASS">
          <reporter-output>
          </reporter-output>
        </test-method> <!-- tc08_orclActionIsSell -->
        <test-method is-config="true" signature="setUp()[pri:0, instance:com.crd.rebalancing.tests.RebalancingTest@3fed2870]" started-at="2026-06-04T22:27:39 UTC" name="setUp" finished-at="2026-06-04T22:27:39 UTC" duration-ms="44" status="PASS">
          <reporter-output>
          </reporter-output>
        </test-method> <!-- setUp -->
        <test-method signature="tc09_orclSharesToSell()[pri:0, instance:com.crd.rebalancing.tests.RebalancingTest@3fed2870]" started-at="2026-06-04T22:27:39 UTC" name="tc09_orclSharesToSell" description="TC-09: ORCL shares to sell = 45" finished-at="2026-06-04T22:27:39 UTC" duration-ms="96" status="PASS">
          <reporter-output>
          </reporter-output>
        </test-method> <!-- tc09_orclSharesToSell -->
        <test-method is-config="true" signature="setUp()[pri:0, instance:com.crd.rebalancing.tests.RebalancingTest@3fed2870]" started-at="2026-06-04T22:27:39 UTC" name="setUp" finished-at="2026-06-04T22:27:39 UTC" duration-ms="68" status="PASS">
          <reporter-output>
          </reporter-output>
        </test-method> <!-- setUp -->
        <test-method signature="tc10_aaplHold()[pri:0, instance:com.crd.rebalancing.tests.RebalancingTest@3fed2870]" started-at="2026-06-04T22:27:39 UTC" name="tc10_aaplHold" description="TC-10: AAPL action is HOLD with 0 shares" finished-at="2026-06-04T22:27:39 UTC" duration-ms="123" status="PASS">
          <reporter-output>
          </reporter-output>
        </test-method> <!-- tc10_aaplHold -->
        <test-method is-config="true" signature="setUp()[pri:0, instance:com.crd.rebalancing.tests.RebalancingTest@3fed2870]" started-at="2026-06-04T22:27:39 UTC" name="setUp" finished-at="2026-06-04T22:27:39 UTC" duration-ms="43" status="PASS">
          <reporter-output>
          </reporter-output>
        </test-method> <!-- setUp -->
        <test-method signature="tc11_hdHold()[pri:0, instance:com.crd.rebalancing.tests.RebalancingTest@3fed2870]" started-at="2026-06-04T22:27:39 UTC" name="tc11_hdHold" description="TC-11: HD action is HOLD with 0 shares" finished-at="2026-06-04T22:27:39 UTC" duration-ms="129" status="PASS">
          <reporter-output>
          </reporter-output>
        </test-method> <!-- tc11_hdHold -->
        <test-method is-config="true" signature="setUp()[pri:0, instance:com.crd.rebalancing.tests.RebalancingTest@3fed2870]" started-at="2026-06-04T22:27:39 UTC" name="setUp" finished-at="2026-06-04T22:27:39 UTC" duration-ms="38" status="PASS">
          <reporter-output>
          </reporter-output>
        </test-method> <!-- setUp -->
        <test-method signature="tc12_resultRowCount()[pri:0, instance:com.crd.rebalancing.tests.RebalancingTest@3fed2870]" started-at="2026-06-04T22:27:39 UTC" name="tc12_resultRowCount" description="TC-12: Results table has 5 rows for 5 securities" finished-at="2026-06-04T22:27:40 UTC" duration-ms="74" status="PASS">
          <reporter-output>
          </reporter-output>
        </test-method> <!-- tc12_resultRowCount -->
        <test-method is-config="true" signature="setUp()[pri:0, instance:com.crd.rebalancing.tests.RebalancingTest@3fed2870]" started-at="2026-06-04T22:27:40 UTC" name="setUp" finished-at="2026-06-04T22:27:40 UTC" duration-ms="36" status="PASS">
          <reporter-output>
          </reporter-output>
        </test-method> <!-- setUp -->
        <test-method signature="tc13_ibmDollarAmount()[pri:0, instance:com.crd.rebalancing.tests.RebalancingTest@3fed2870]" started-at="2026-06-04T22:27:40 UTC" name="tc13_ibmDollarAmount" description="TC-13: IBM dollar amount to trade = $10,000" finished-at="2026-06-04T22:27:40 UTC" duration-ms="137" status="PASS">
          <reporter-output>
          </reporter-output>
        </test-method> <!-- tc13_ibmDollarAmount -->
        <test-method is-config="true" signature="setUp()[pri:0, instance:com.crd.rebalancing.tests.RebalancingTest@3fed2870]" started-at="2026-06-04T22:27:40 UTC" name="setUp" finished-at="2026-06-04T22:27:40 UTC" duration-ms="61" status="PASS">
          <reporter-output>
          </reporter-output>
        </test-method> <!-- setUp -->
        <test-method signature="tc14_orclDollarAmount()[pri:0, instance:com.crd.rebalancing.tests.RebalancingTest@3fed2870]" started-at="2026-06-04T22:27:40 UTC" name="tc14_orclDollarAmount" description="TC-14: ORCL dollar amount to trade = $10,000" finished-at="2026-06-04T22:27:40 UTC" duration-ms="86" status="PASS">
          <reporter-output>
          </reporter-output>
        </test-method> <!-- tc14_orclDollarAmount -->
        <test-method is-config="true" signature="setUp()[pri:0, instance:com.crd.rebalancing.tests.RebalancingTest@3fed2870]" started-at="2026-06-04T22:27:40 UTC" name="setUp" finished-at="2026-06-04T22:27:40 UTC" duration-ms="39" status="PASS">
          <reporter-output>
          </reporter-output>
        </test-method> <!-- setUp -->
        <test-method signature="tc15_msftDollarAmountZero()[pri:0, instance:com.crd.rebalancing.tests.RebalancingTest@3fed2870]" started-at="2026-06-04T22:27:40 UTC" name="tc15_msftDollarAmountZero" description="TC-15: MSFT dollar amount = $0 for zero variance" finished-at="2026-06-04T22:27:40 UTC" duration-ms="80" status="PASS">
          <reporter-output>
          </reporter-output>
        </test-method> <!-- tc15_msftDollarAmountZero -->
        <test-method is-config="true" signature="setUp()[pri:0, instance:com.crd.rebalancing.tests.RebalancingTest@3fed2870]" started-at="2026-06-04T22:27:40 UTC" name="setUp" finished-at="2026-06-04T22:27:40 UTC" duration-ms="45" status="PASS">
          <reporter-output>
          </reporter-output>
        </test-method> <!-- setUp -->
        <test-method signature="tc16_ibmVarianceDisplay()[pri:0, instance:com.crd.rebalancing.tests.RebalancingTest@3fed2870]" started-at="2026-06-04T22:27:40 UTC" name="tc16_ibmVarianceDisplay" description="TC-16: IBM variance displayed as +10" finished-at="2026-06-04T22:27:40 UTC" duration-ms="89" status="PASS">
          <reporter-output>
          </reporter-output>
        </test-method> <!-- tc16_ibmVarianceDisplay -->
        <test-method is-config="true" signature="setUp()[pri:0, instance:com.crd.rebalancing.tests.RebalancingTest@3fed2870]" started-at="2026-06-04T22:27:40 UTC" name="setUp" finished-at="2026-06-04T22:27:40 UTC" duration-ms="44" status="PASS">
          <reporter-output>
          </reporter-output>
        </test-method> <!-- setUp -->
        <test-method signature="tc17_orclVarianceDisplay()[pri:0, instance:com.crd.rebalancing.tests.RebalancingTest@3fed2870]" started-at="2026-06-04T22:27:40 UTC" name="tc17_orclVarianceDisplay" description="TC-17: ORCL variance displayed as -10" finished-at="2026-06-04T22:27:40 UTC" duration-ms="98" status="PASS">
          <reporter-output>
          </reporter-output>
        </test-method> <!-- tc17_orclVarianceDisplay -->
        <test-method is-config="true" signature="setUp()[pri:0, instance:com.crd.rebalancing.tests.RebalancingTest@3fed2870]" started-at="2026-06-04T22:27:40 UTC" name="setUp" finished-at="2026-06-04T22:27:40 UTC" duration-ms="43" status="PASS">
          <reporter-output>
          </reporter-output>
        </test-method> <!-- setUp -->
        <test-method signature="tc18_zeroPriceShowsError()[pri:0, instance:com.crd.rebalancing.tests.RebalancingTest@3fed2870]" started-at="2026-06-04T22:27:40 UTC" name="tc18_zeroPriceShowsError" description="TC-18: Unit price = 0 shows error, no results" finished-at="2026-06-04T22:27:41 UTC" duration-ms="490" status="PASS">
          <reporter-output>
          </reporter-output>
        </test-method> <!-- tc18_zeroPriceShowsError -->
        <test-method is-config="true" signature="setUp()[pri:0, instance:com.crd.rebalancing.tests.RebalancingTest@3fed2870]" started-at="2026-06-04T22:27:41 UTC" name="setUp" finished-at="2026-06-04T22:27:41 UTC" duration-ms="77" status="PASS">
          <reporter-output>
          </reporter-output>
        </test-method> <!-- setUp -->
        <test-method signature="tc19_zeroTotalAssetsShowsError()[pri:0, instance:com.crd.rebalancing.tests.RebalancingTest@3fed2870]" started-at="2026-06-04T22:27:41 UTC" name="tc19_zeroTotalAssetsShowsError" description="TC-19: Total assets = 0 shows error" finished-at="2026-06-04T22:27:41 UTC" duration-ms="157" status="PASS">
          <reporter-output>
          </reporter-output>
        </test-method> <!-- tc19_zeroTotalAssetsShowsError -->
        <test-method is-config="true" signature="setUp()[pri:0, instance:com.crd.rebalancing.tests.RebalancingTest@3fed2870]" started-at="2026-06-04T22:27:41 UTC" name="setUp" finished-at="2026-06-04T22:27:41 UTC" duration-ms="37" status="PASS">
          <reporter-output>
          </reporter-output>
        </test-method> <!-- setUp -->
        <test-method signature="tc19b_negativeTotalAssetsShowsError()[pri:0, instance:com.crd.rebalancing.tests.RebalancingTest@3fed2870]" started-at="2026-06-04T22:27:41 UTC" name="tc19b_negativeTotalAssetsShowsError" description="TC-19b: Negative total assets shows error" finished-at="2026-06-04T22:27:41 UTC" duration-ms="150" status="PASS">
          <reporter-output>
          </reporter-output>
        </test-method> <!-- tc19b_negativeTotalAssetsShowsError -->
        <test-method is-config="true" signature="setUp()[pri:0, instance:com.crd.rebalancing.tests.RebalancingTest@3fed2870]" started-at="2026-06-04T22:27:41 UTC" name="setUp" finished-at="2026-06-04T22:27:41 UTC" duration-ms="44" status="PASS">
          <reporter-output>
          </reporter-output>
        </test-method> <!-- setUp -->
        <test-method signature="tc20_largePortfolioScalesCorrectly()[pri:0, instance:com.crd.rebalancing.tests.RebalancingTest@3fed2870]" started-at="2026-06-04T22:27:41 UTC" name="tc20_largePortfolioScalesCorrectly" description="TC-20: Large portfolio $10M – IBM BUY 6666 shares" finished-at="2026-06-04T22:27:41 UTC" duration-ms="145" status="PASS">
          <reporter-output>
          </reporter-output>
        </test-method> <!-- tc20_largePortfolioScalesCorrectly -->
        <test-method is-config="true" signature="setUp()[pri:0, instance:com.crd.rebalancing.tests.RebalancingTest@3fed2870]" started-at="2026-06-04T22:27:41 UTC" name="setUp" finished-at="2026-06-04T22:27:42 UTC" duration-ms="36" status="PASS">
          <reporter-output>
          </reporter-output>
        </test-method> <!-- setUp -->
        <test-method signature="tc21_lowUnitPriceLargeShares()[pri:0, instance:com.crd.rebalancing.tests.RebalancingTest@3fed2870]" started-at="2026-06-04T22:27:42 UTC" name="tc21_lowUnitPriceLargeShares" description="TC-21: Low unit price ($1) yields large share count" finished-at="2026-06-04T22:27:42 UTC" duration-ms="329" status="PASS">
          <reporter-output>
          </reporter-output>
        </test-method> <!-- tc21_lowUnitPriceLargeShares -->
        <test-method is-config="true" signature="setUp()[pri:0, instance:com.crd.rebalancing.tests.RebalancingTest@3fed2870]" started-at="2026-06-04T22:27:42 UTC" name="setUp" finished-at="2026-06-04T22:27:42 UTC" duration-ms="45" status="PASS">
          <reporter-output>
          </reporter-output>
        </test-method> <!-- setUp -->
        <test-method signature="tc22_allZeroVarianceAllHold()[pri:0, instance:com.crd.rebalancing.tests.RebalancingTest@3fed2870]" started-at="2026-06-04T22:27:42 UTC" name="tc22_allZeroVarianceAllHold" description="TC-22: All zero variance → all HOLD 0 shares" finished-at="2026-06-04T22:27:44 UTC" duration-ms="1838" status="PASS">
          <reporter-output>
          </reporter-output>
        </test-method> <!-- tc22_allZeroVarianceAllHold -->
        <test-method is-config="true" signature="setUp()[pri:0, instance:com.crd.rebalancing.tests.RebalancingTest@3fed2870]" started-at="2026-06-04T22:27:44 UTC" name="setUp" finished-at="2026-06-04T22:27:44 UTC" duration-ms="58" status="PASS">
          <reporter-output>
          </reporter-output>
        </test-method> <!-- setUp -->
        <test-method signature="tc23_allSecuritiesNeedBuy()[pri:0, instance:com.crd.rebalancing.tests.RebalancingTest@3fed2870]" started-at="2026-06-04T22:27:44 UTC" name="tc23_allSecuritiesNeedBuy" description="TC-23: All securities under target → all BUY" finished-at="2026-06-04T22:27:45 UTC" duration-ms="1477" status="PASS">
          <reporter-output>
          </reporter-output>
        </test-method> <!-- tc23_allSecuritiesNeedBuy -->
        <test-method is-config="true" signature="setUp()[pri:0, instance:com.crd.rebalancing.tests.RebalancingTest@3fed2870]" started-at="2026-06-04T22:27:45 UTC" name="setUp" finished-at="2026-06-04T22:27:45 UTC" duration-ms="40" status="PASS">
          <reporter-output>
          </reporter-output>
        </test-method> <!-- setUp -->
        <test-method signature="tc24_allSecuritiesNeedSell()[pri:0, instance:com.crd.rebalancing.tests.RebalancingTest@3fed2870]" started-at="2026-06-04T22:27:45 UTC" name="tc24_allSecuritiesNeedSell" description="TC-24: All securities over target → all SELL" finished-at="2026-06-04T22:27:47 UTC" duration-ms="1686" status="PASS">
          <reporter-output>
          </reporter-output>
        </test-method> <!-- tc24_allSecuritiesNeedSell -->
        <test-method is-config="true" signature="setUp()[pri:0, instance:com.crd.rebalancing.tests.RebalancingTest@3fed2870]" started-at="2026-06-04T22:27:47 UTC" name="setUp" finished-at="2026-06-04T22:27:47 UTC" duration-ms="118" status="PASS">
          <reporter-output>
          </reporter-output>
        </test-method> <!-- setUp -->
        <test-method signature="tc25_ibmSharesForDifferentPortfolioSizes(double,int)[pri:0, instance:com.crd.rebalancing.tests.RebalancingTest@3fed2870]" started-at="2026-06-04T22:27:47 UTC" name="tc25_ibmSharesForDifferentPortfolioSizes" description="TC-25: IBM share count is correct across different portfolio sizes" data-provider="totalAssetsProvider" finished-at="2026-06-04T22:27:47 UTC" duration-ms="228" status="PASS">
          <params>
            <param index="0">
              <value>
                <![CDATA[100000]]>
              </value>
            </param>
            <param index="1">
              <value>
                <![CDATA[66]]>
              </value>
            </param>
          </params>
          <reporter-output>
          </reporter-output>
        </test-method> <!-- tc25_ibmSharesForDifferentPortfolioSizes -->
        <test-method is-config="true" signature="setUp()[pri:0, instance:com.crd.rebalancing.tests.RebalancingTest@3fed2870]" started-at="2026-06-04T22:27:47 UTC" name="setUp" finished-at="2026-06-04T22:27:47 UTC" duration-ms="45" status="PASS">
          <reporter-output>
          </reporter-output>
        </test-method> <!-- setUp -->
        <test-method signature="tc25_ibmSharesForDifferentPortfolioSizes(double,int)[pri:0, instance:com.crd.rebalancing.tests.RebalancingTest@3fed2870]" started-at="2026-06-04T22:27:47 UTC" name="tc25_ibmSharesForDifferentPortfolioSizes" description="TC-25: IBM share count is correct across different portfolio sizes" data-provider="totalAssetsProvider" finished-at="2026-06-04T22:27:48 UTC" duration-ms="184" status="PASS">
          <params>
            <param index="0">
              <value>
                <![CDATA[200000]]>
              </value>
            </param>
            <param index="1">
              <value>
                <![CDATA[133]]>
              </value>
            </param>
          </params>
          <reporter-output>
          </reporter-output>
        </test-method> <!-- tc25_ibmSharesForDifferentPortfolioSizes -->
        <test-method is-config="true" signature="setUp()[pri:0, instance:com.crd.rebalancing.tests.RebalancingTest@3fed2870]" started-at="2026-06-04T22:27:48 UTC" name="setUp" finished-at="2026-06-04T22:27:48 UTC" duration-ms="46" status="PASS">
          <reporter-output>
          </reporter-output>
        </test-method> <!-- setUp -->
        <test-method signature="tc25_ibmSharesForDifferentPortfolioSizes(double,int)[pri:0, instance:com.crd.rebalancing.tests.RebalancingTest@3fed2870]" started-at="2026-06-04T22:27:48 UTC" name="tc25_ibmSharesForDifferentPortfolioSizes" description="TC-25: IBM share count is correct across different portfolio sizes" data-provider="totalAssetsProvider" finished-at="2026-06-04T22:27:48 UTC" duration-ms="152" status="PASS">
          <params>
            <param index="0">
              <value>
                <![CDATA[50000]]>
              </value>
            </param>
            <param index="1">
              <value>
                <![CDATA[33]]>
              </value>
            </param>
          </params>
          <reporter-output>
          </reporter-output>
        </test-method> <!-- tc25_ibmSharesForDifferentPortfolioSizes -->
        <test-method is-config="true" signature="setUp()[pri:0, instance:com.crd.rebalancing.tests.RebalancingTest@3fed2870]" started-at="2026-06-04T22:27:48 UTC" name="setUp" finished-at="2026-06-04T22:27:48 UTC" duration-ms="106" status="PASS">
          <reporter-output>
          </reporter-output>
        </test-method> <!-- setUp -->
        <test-method signature="tc25_ibmSharesForDifferentPortfolioSizes(double,int)[pri:0, instance:com.crd.rebalancing.tests.RebalancingTest@3fed2870]" started-at="2026-06-04T22:27:48 UTC" name="tc25_ibmSharesForDifferentPortfolioSizes" description="TC-25: IBM share count is correct across different portfolio sizes" data-provider="totalAssetsProvider" finished-at="2026-06-04T22:27:48 UTC" duration-ms="179" status="PASS">
          <params>
            <param index="0">
              <value>
                <![CDATA[1500000]]>
              </value>
            </param>
            <param index="1">
              <value>
                <![CDATA[1000]]>
              </value>
            </param>
          </params>
          <reporter-output>
          </reporter-output>
        </test-method> <!-- tc25_ibmSharesForDifferentPortfolioSizes -->
        <test-method is-config="true" signature="setUp()[pri:0, instance:com.crd.rebalancing.tests.RebalancingTest@3fed2870]" started-at="2026-06-04T22:27:48 UTC" name="setUp" finished-at="2026-06-04T22:27:48 UTC" duration-ms="51" status="PASS">
          <reporter-output>
          </reporter-output>
        </test-method> <!-- setUp -->
        <test-method signature="tc25_ibmSharesForDifferentPortfolioSizes(double,int)[pri:0, instance:com.crd.rebalancing.tests.RebalancingTest@3fed2870]" started-at="2026-06-04T22:27:48 UTC" name="tc25_ibmSharesForDifferentPortfolioSizes" description="TC-25: IBM share count is correct across different portfolio sizes" data-provider="totalAssetsProvider" finished-at="2026-06-04T22:27:48 UTC" duration-ms="158" status="PASS">
          <params>
            <param index="0">
              <value>
                <![CDATA[1000]]>
              </value>
            </param>
            <param index="1">
              <value>
                <![CDATA[0]]>
              </value>
            </param>
          </params>
          <reporter-output>
          </reporter-output>
        </test-method> <!-- tc25_ibmSharesForDifferentPortfolioSizes -->
        <test-method is-config="true" signature="setUp()[pri:0, instance:com.crd.rebalancing.tests.RebalancingTest@3fed2870]" started-at="2026-06-04T22:27:48 UTC" name="setUp" finished-at="2026-06-04T22:27:48 UTC" duration-ms="41" status="PASS">
          <reporter-output>
          </reporter-output>
        </test-method> <!-- setUp -->
        <test-method signature="tc26_correctSharesPerSecurity(java.lang.String,int,java.lang.String)[pri:0, instance:com.crd.rebalancing.tests.RebalancingTest@3fed2870]" started-at="2026-06-04T22:27:48 UTC" name="tc26_correctSharesPerSecurity" description="TC-26: Correct shares for each security in standard scenario" data-provider="securitySharesProvider" finished-at="2026-06-04T22:27:49 UTC" duration-ms="107" status="PASS">
          <params>
            <param index="0">
              <value>
                <![CDATA[IBM]]>
              </value>
            </param>
            <param index="1">
              <value>
                <![CDATA[66]]>
              </value>
            </param>
            <param index="2">
              <value>
                <![CDATA[BUY]]>
              </value>
            </param>
          </params>
          <reporter-output>
          </reporter-output>
        </test-method> <!-- tc26_correctSharesPerSecurity -->
        <test-method is-config="true" signature="setUp()[pri:0, instance:com.crd.rebalancing.tests.RebalancingTest@3fed2870]" started-at="2026-06-04T22:27:49 UTC" name="setUp" finished-at="2026-06-04T22:27:49 UTC" duration-ms="39" status="PASS">
          <reporter-output>
          </reporter-output>
        </test-method> <!-- setUp -->
        <test-method signature="tc26_correctSharesPerSecurity(java.lang.String,int,java.lang.String)[pri:0, instance:com.crd.rebalancing.tests.RebalancingTest@3fed2870]" started-at="2026-06-04T22:27:49 UTC" name="tc26_correctSharesPerSecurity" description="TC-26: Correct shares for each security in standard scenario" data-provider="securitySharesProvider" finished-at="2026-06-04T22:27:49 UTC" duration-ms="138" status="PASS">
          <params>
            <param index="0">
              <value>
                <![CDATA[MSFT]]>
              </value>
            </param>
            <param index="1">
              <value>
                <![CDATA[0]]>
              </value>
            </param>
            <param index="2">
              <value>
                <![CDATA[HOLD]]>
              </value>
            </param>
          </params>
          <reporter-output>
          </reporter-output>
        </test-method> <!-- tc26_correctSharesPerSecurity -->
        <test-method is-config="true" signature="setUp()[pri:0, instance:com.crd.rebalancing.tests.RebalancingTest@3fed2870]" started-at="2026-06-04T22:27:49 UTC" name="setUp" finished-at="2026-06-04T22:27:49 UTC" duration-ms="44" status="PASS">
          <reporter-output>
          </reporter-output>
        </test-method> <!-- setUp -->
        <test-method signature="tc26_correctSharesPerSecurity(java.lang.String,int,java.lang.String)[pri:0, instance:com.crd.rebalancing.tests.RebalancingTest@3fed2870]" started-at="2026-06-04T22:27:49 UTC" name="tc26_correctSharesPerSecurity" description="TC-26: Correct shares for each security in standard scenario" data-provider="securitySharesProvider" finished-at="2026-06-04T22:27:49 UTC" duration-ms="108" status="PASS">
          <params>
            <param index="0">
              <value>
                <![CDATA[ORCL]]>
              </value>
            </param>
            <param index="1">
              <value>
                <![CDATA[45]]>
              </value>
            </param>
            <param index="2">
              <value>
                <![CDATA[SELL]]>
              </value>
            </param>
          </params>
          <reporter-output>
          </reporter-output>
        </test-method> <!-- tc26_correctSharesPerSecurity -->
        <test-method is-config="true" signature="setUp()[pri:0, instance:com.crd.rebalancing.tests.RebalancingTest@3fed2870]" started-at="2026-06-04T22:27:49 UTC" name="setUp" finished-at="2026-06-04T22:27:49 UTC" duration-ms="40" status="PASS">
          <reporter-output>
          </reporter-output>
        </test-method> <!-- setUp -->
        <test-method signature="tc26_correctSharesPerSecurity(java.lang.String,int,java.lang.String)[pri:0, instance:com.crd.rebalancing.tests.RebalancingTest@3fed2870]" started-at="2026-06-04T22:27:49 UTC" name="tc26_correctSharesPerSecurity" description="TC-26: Correct shares for each security in standard scenario" data-provider="securitySharesProvider" finished-at="2026-06-04T22:27:49 UTC" duration-ms="122" status="PASS">
          <params>
            <param index="0">
              <value>
                <![CDATA[AAPL]]>
              </value>
            </param>
            <param index="1">
              <value>
                <![CDATA[0]]>
              </value>
            </param>
            <param index="2">
              <value>
                <![CDATA[HOLD]]>
              </value>
            </param>
          </params>
          <reporter-output>
          </reporter-output>
        </test-method> <!-- tc26_correctSharesPerSecurity -->
        <test-method is-config="true" signature="setUp()[pri:0, instance:com.crd.rebalancing.tests.RebalancingTest@3fed2870]" started-at="2026-06-04T22:27:49 UTC" name="setUp" finished-at="2026-06-04T22:27:49 UTC" duration-ms="35" status="PASS">
          <reporter-output>
          </reporter-output>
        </test-method> <!-- setUp -->
        <test-method signature="tc26_correctSharesPerSecurity(java.lang.String,int,java.lang.String)[pri:0, instance:com.crd.rebalancing.tests.RebalancingTest@3fed2870]" started-at="2026-06-04T22:27:49 UTC" name="tc26_correctSharesPerSecurity" description="TC-26: Correct shares for each security in standard scenario" data-provider="securitySharesProvider" finished-at="2026-06-04T22:27:49 UTC" duration-ms="134" status="PASS">
          <params>
            <param index="0">
              <value>
                <![CDATA[HD]]>
              </value>
            </param>
            <param index="1">
              <value>
                <![CDATA[0]]>
              </value>
            </param>
            <param index="2">
              <value>
                <![CDATA[HOLD]]>
              </value>
            </param>
          </params>
          <reporter-output>
          </reporter-output>
        </test-method> <!-- tc26_correctSharesPerSecurity -->
        <test-method is-config="true" signature="setUp()[pri:0, instance:com.crd.rebalancing.tests.RebalancingTest@3fed2870]" started-at="2026-06-04T22:27:49 UTC" name="setUp" finished-at="2026-06-04T22:27:49 UTC" duration-ms="43" status="PASS">
          <reporter-output>
          </reporter-output>
        </test-method> <!-- setUp -->
        <test-method signature="tc27_addedSecurityAppearsInResults()[pri:0, instance:com.crd.rebalancing.tests.RebalancingTest@3fed2870]" started-at="2026-06-04T22:27:49 UTC" name="tc27_addedSecurityAppearsInResults" description="TC-27: Add new security row appears in results" finished-at="2026-06-04T22:27:51 UTC" duration-ms="1578" status="PASS">
          <reporter-output>
          </reporter-output>
        </test-method> <!-- tc27_addedSecurityAppearsInResults -->
        <test-method is-config="true" signature="setUp()[pri:0, instance:com.crd.rebalancing.tests.RebalancingTest@3fed2870]" started-at="2026-06-04T22:27:51 UTC" name="setUp" finished-at="2026-06-04T22:27:51 UTC" duration-ms="42" status="PASS">
          <reporter-output>
          </reporter-output>
        </test-method> <!-- setUp -->
        <test-method signature="tc28_calculatorActionBuy()[pri:0, instance:com.crd.rebalancing.tests.RebalancingTest@3fed2870]" started-at="2026-06-04T22:27:51 UTC" name="tc28_calculatorActionBuy" description="TC-28: Calculator identifies BUY for negative variance" finished-at="2026-06-04T22:27:51 UTC" duration-ms="10" status="PASS">
          <reporter-output>
          </reporter-output>
        </test-method> <!-- tc28_calculatorActionBuy -->
        <test-method is-config="true" signature="setUp()[pri:0, instance:com.crd.rebalancing.tests.RebalancingTest@3fed2870]" started-at="2026-06-04T22:27:51 UTC" name="setUp" finished-at="2026-06-04T22:27:51 UTC" duration-ms="190" status="PASS">
          <reporter-output>
          </reporter-output>
        </test-method> <!-- setUp -->
        <test-method signature="tc29_calculatorActionSell()[pri:0, instance:com.crd.rebalancing.tests.RebalancingTest@3fed2870]" started-at="2026-06-04T22:27:51 UTC" name="tc29_calculatorActionSell" description="TC-29: Calculator identifies SELL for positive variance" finished-at="2026-06-04T22:27:51 UTC" duration-ms="5" status="PASS">
          <reporter-output>
          </reporter-output>
        </test-method> <!-- tc29_calculatorActionSell -->
        <test-method is-config="true" signature="setUp()[pri:0, instance:com.crd.rebalancing.tests.RebalancingTest@3fed2870]" started-at="2026-06-04T22:27:51 UTC" name="setUp" finished-at="2026-06-04T22:27:51 UTC" duration-ms="43" status="PASS">
          <reporter-output>
          </reporter-output>
        </test-method> <!-- setUp -->
        <test-method signature="tc30_calculatorActionHold()[pri:0, instance:com.crd.rebalancing.tests.RebalancingTest@3fed2870]" started-at="2026-06-04T22:27:51 UTC" name="tc30_calculatorActionHold" description="TC-30: Calculator identifies HOLD for zero variance" finished-at="2026-06-04T22:27:51 UTC" duration-ms="2" status="PASS">
          <reporter-output>
          </reporter-output>
        </test-method> <!-- tc30_calculatorActionHold -->
        <test-method is-config="true" signature="setUp()[pri:0, instance:com.crd.rebalancing.tests.RebalancingTest@3fed2870]" started-at="2026-06-04T22:27:51 UTC" name="setUp" finished-at="2026-06-04T22:27:51 UTC" duration-ms="41" status="PASS">
          <reporter-output>
          </reporter-output>
        </test-method> <!-- setUp -->
        <test-method signature="tc31_shareCountUseFloor()[pri:0, instance:com.crd.rebalancing.tests.RebalancingTest@3fed2870]" started-at="2026-06-04T22:27:51 UTC" name="tc31_shareCountUseFloor" description="TC-31: Share count uses floor, not round" finished-at="2026-06-04T22:27:51 UTC" duration-ms="2" status="PASS">
          <reporter-output>
          </reporter-output>
        </test-method> <!-- tc31_shareCountUseFloor -->
        <test-method is-config="true" signature="setUp()[pri:0, instance:com.crd.rebalancing.tests.RebalancingTest@3fed2870]" started-at="2026-06-04T22:27:51 UTC" name="setUp" finished-at="2026-06-04T22:27:51 UTC" duration-ms="44" status="PASS">
          <reporter-output>
          </reporter-output>
        </test-method> <!-- setUp -->
        <test-method signature="tc32_dollarAmountFormula()[pri:0, instance:com.crd.rebalancing.tests.RebalancingTest@3fed2870]" started-at="2026-06-04T22:27:51 UTC" name="tc32_dollarAmountFormula" description="TC-32: Dollar amount is proportional to variance and total assets" finished-at="2026-06-04T22:27:51 UTC" duration-ms="3" status="PASS">
          <reporter-output>
          </reporter-output>
        </test-method> <!-- tc32_dollarAmountFormula -->
        <test-method is-config="true" signature="classTearDown()[pri:0, instance:com.crd.rebalancing.tests.RebalancingTest@3fed2870]" started-at="2026-06-04T22:27:51 UTC" name="classTearDown" finished-at="2026-06-04T22:27:51 UTC" duration-ms="217" status="PASS">
          <reporter-output>
          </reporter-output>
        </test-method> <!-- classTearDown -->
      </class> <!-- com.crd.rebalancing.tests.RebalancingTest -->
    </test> <!-- All Tests -->
  </suite> <!-- Portfolio Rebalancing Test Suite -->
</testng-results>
