<?xml version="1.0" encoding="UTF-8"?>
<!-- Generated by org.testng.reporters.JUnitXMLReporter -->
<testsuite ignored="0" hostname="6a51e40ba964" failures="0" tests="42" name="All Tests" time="22.682" errors="0" timestamp="2026-06-04T22:27:52 UTC">
  <testcase classname="com.crd.rebalancing.tests.RebalancingTest" name="tc01_resultsSectionHiddenOnLoad" time="0.097"/>
  <testcase classname="com.crd.rebalancing.tests.RebalancingTest" name="tc02_pageTitle" time="0.024"/>
  <testcase classname="com.crd.rebalancing.tests.RebalancingTest" name="tc02b_calculateButtonVisibleAndEnabled" time="0.066"/>
  <testcase classname="com.crd.rebalancing.tests.RebalancingTest" name="tc03_resultsSectionVisibleAfterCalculate" time="0.198"/>
  <testcase classname="com.crd.rebalancing.tests.RebalancingTest" name="tc04_resetHidesResults" time="0.195"/>
  <testcase classname="com.crd.rebalancing.tests.RebalancingTest" name="tc05_ibmActionIsBuy" time="0.132"/>
  <testcase classname="com.crd.rebalancing.tests.RebalancingTest" name="tc06_ibmSharesToBuy" time="0.105"/>
  <testcase classname="com.crd.rebalancing.tests.RebalancingTest" name="tc07_msftActionIsHold" time="0.148"/>
  <testcase classname="com.crd.rebalancing.tests.RebalancingTest" name="tc08_orclActionIsSell" time="0.117"/>
  <testcase classname="com.crd.rebalancing.tests.RebalancingTest" name="tc09_orclSharesToSell" time="0.096"/>
  <testcase classname="com.crd.rebalancing.tests.RebalancingTest" name="tc10_aaplHold" time="0.123"/>
  <testcase classname="com.crd.rebalancing.tests.RebalancingTest" name="tc11_hdHold" time="0.129"/>
  <testcase classname="com.crd.rebalancing.tests.RebalancingTest" name="tc12_resultRowCount" time="0.074"/>
  <testcase classname="com.crd.rebalancing.tests.RebalancingTest" name="tc13_ibmDollarAmount" time="0.137"/>
  <testcase classname="com.crd.rebalancing.tests.RebalancingTest" name="tc14_orclDollarAmount" time="0.086"/>
  <testcase classname="com.crd.rebalancing.tests.RebalancingTest" name="tc15_msftDollarAmountZero" time="0.08"/>
  <testcase classname="com.crd.rebalancing.tests.RebalancingTest" name="tc16_ibmVarianceDisplay" time="0.089"/>
  <testcase classname="com.crd.rebalancing.tests.RebalancingTest" name="tc17_orclVarianceDisplay" time="0.098"/>
  <testcase classname="com.crd.rebalancing.tests.RebalancingTest" name="tc18_zeroPriceShowsError" time="0.49"/>
  <testcase classname="com.crd.rebalancing.tests.RebalancingTest" name="tc19_zeroTotalAssetsShowsError" time="0.157"/>
  <testcase classname="com.crd.rebalancing.tests.RebalancingTest" name="tc19b_negativeTotalAssetsShowsError" time="0.15"/>
  <testcase classname="com.crd.rebalancing.tests.RebalancingTest" name="tc20_largePortfolioScalesCorrectly" time="0.145"/>
  <testcase classname="com.crd.rebalancing.tests.RebalancingTest" name="tc21_lowUnitPriceLargeShares" time="0.329"/>
  <testcase classname="com.crd.rebalancing.tests.RebalancingTest" name="tc22_allZeroVarianceAllHold" time="1.838"/>
  <testcase classname="com.crd.rebalancing.tests.RebalancingTest" name="tc23_allSecuritiesNeedBuy" time="1.477"/>
  <testcase classname="com.crd.rebalancing.tests.RebalancingTest" name="tc24_allSecuritiesNeedSell" time="1.686"/>
  <testcase classname="com.crd.rebalancing.tests.RebalancingTest" name="tc25_ibmSharesForDifferentPortfolioSizes" time="0.228"/>
  <testcase classname="com.crd.rebalancing.tests.RebalancingTest" name="tc25_ibmSharesForDifferentPortfolioSizes" time="0.184"/>
  <testcase classname="com.crd.rebalancing.tests.RebalancingTest" name="tc25_ibmSharesForDifferentPortfolioSizes" time="0.152"/>
  <testcase classname="com.crd.rebalancing.tests.RebalancingTest" name="tc25_ibmSharesForDifferentPortfolioSizes" time="0.179"/>
  <testcase classname="com.crd.rebalancing.tests.RebalancingTest" name="tc25_ibmSharesForDifferentPortfolioSizes" time="0.158"/>
  <testcase classname="com.crd.rebalancing.tests.RebalancingTest" name="tc26_correctSharesPerSecurity" time="0.107"/>
  <testcase classname="com.crd.rebalancing.tests.RebalancingTest" name="tc26_correctSharesPerSecurity" time="0.138"/>
  <testcase classname="com.crd.rebalancing.tests.RebalancingTest" name="tc26_correctSharesPerSecurity" time="0.108"/>
  <testcase classname="com.crd.rebalancing.tests.RebalancingTest" name="tc26_correctSharesPerSecurity" time="0.122"/>
  <testcase classname="com.crd.rebalancing.tests.RebalancingTest" name="tc26_correctSharesPerSecurity" time="0.134"/>
  <testcase classname="com.crd.rebalancing.tests.RebalancingTest" name="tc27_addedSecurityAppearsInResults" time="1.578"/>
  <testcase classname="com.crd.rebalancing.tests.RebalancingTest" name="tc28_calculatorActionBuy" time="0.01"/>
  <testcase classname="com.crd.rebalancing.tests.RebalancingTest" name="tc29_calculatorActionSell" time="0.005"/>
  <testcase classname="com.crd.rebalancing.tests.RebalancingTest" name="tc30_calculatorActionHold" time="0.002"/>
  <testcase classname="com.crd.rebalancing.tests.RebalancingTest" name="tc31_shareCountUseFloor" time="0.002"/>
  <testcase classname="com.crd.rebalancing.tests.RebalancingTest" name="tc32_dollarAmountFormula" time="0.003"/>
</testsuite> <!-- All Tests -->
