<?xml version="1.0" encoding="UTF-8"?>
<!-- Generated by org.testng.reporters.JUnitReportReporter -->
<testsuite hostname="6a51e40ba964" failures="0" tests="42" name="com.crd.rebalancing.tests.RebalancingTest" time="15.001" errors="0" timestamp="2026-06-04T22:27:52 UTC" skipped="0">
  <testcase classname="com.crd.rebalancing.tests.RebalancingTest" name="tc04_resetHidesResults" time="0.238"/>
  <testcase classname="com.crd.rebalancing.tests.RebalancingTest" name="tc02_pageTitle" time="0.066"/>
  <testcase classname="com.crd.rebalancing.tests.RebalancingTest" name="tc08_orclActionIsSell" time="0.162"/>
  <testcase classname="com.crd.rebalancing.tests.RebalancingTest" name="tc07_msftActionIsHold" time="0.199"/>
  <testcase classname="com.crd.rebalancing.tests.RebalancingTest" name="tc23_allSecuritiesNeedBuy" time="1.553"/>
  <testcase classname="com.crd.rebalancing.tests.RebalancingTest" name="tc02b_calculateButtonVisibleAndEnabled" time="0.107"/>
  <testcase classname="com.crd.rebalancing.tests.RebalancingTest" name="tc05_ibmActionIsBuy" time="0.177"/>
  <testcase classname="com.crd.rebalancing.tests.RebalancingTest" name="tc09_orclSharesToSell" time="0.141"/>
  <testcase classname="com.crd.rebalancing.tests.RebalancingTest" name="tc31_shareCountUseFloor" time="0.108"/>
  <testcase classname="com.crd.rebalancing.tests.RebalancingTest" name="tc16_ibmVarianceDisplay" time="0.125"/>
  <testcase classname="com.crd.rebalancing.tests.RebalancingTest" name="tc01_resultsSectionHiddenOnLoad" time="0.287"/>
  <testcase classname="com.crd.rebalancing.tests.RebalancingTest" name="tc20_largePortfolioScalesCorrectly" time="0.184"/>
  <testcase classname="com.crd.rebalancing.tests.RebalancingTest" name="tc13_ibmDollarAmount" time="0.180"/>
  <testcase classname="com.crd.rebalancing.tests.RebalancingTest" name="tc11_hdHold" time="0.197"/>
  <testcase classname="com.crd.rebalancing.tests.RebalancingTest" name="tc14_orclDollarAmount" time="0.130"/>
  <testcase classname="com.crd.rebalancing.tests.RebalancingTest" name="tc30_calculatorActionHold" time="0.045"/>
  <testcase classname="com.crd.rebalancing.tests.RebalancingTest" name="tc18_zeroPriceShowsError" time="0.533"/>
  <testcase classname="com.crd.rebalancing.tests.RebalancingTest" name="tc06_ibmSharesToBuy" time="0.143"/>
  <testcase classname="com.crd.rebalancing.tests.RebalancingTest" name="tc28_calculatorActionBuy" time="0.050"/>
  <testcase classname="com.crd.rebalancing.tests.RebalancingTest" name="tc32_dollarAmountFormula" time="0.038"/>
  <testcase classname="com.crd.rebalancing.tests.RebalancingTest" name="tc26_correctSharesPerSecurity" time="0.182"/>
  <testcase classname="com.crd.rebalancing.tests.RebalancingTest" name="tc19b_negativeTotalAssetsShowsError" time="0.211"/>
  <testcase classname="com.crd.rebalancing.tests.RebalancingTest" name="tc19_zeroTotalAssetsShowsError" time="0.202"/>
  <testcase classname="com.crd.rebalancing.tests.RebalancingTest" name="tc26_correctSharesPerSecurity" time="0.152"/>
  <testcase classname="com.crd.rebalancing.tests.RebalancingTest" name="tc29_calculatorActionSell" time="0.049"/>
  <testcase classname="com.crd.rebalancing.tests.RebalancingTest" name="tc21_lowUnitPriceLargeShares" time="0.380"/>
  <testcase classname="com.crd.rebalancing.tests.RebalancingTest" name="tc25_ibmSharesForDifferentPortfolioSizes" time="0.274"/>
  <testcase classname="com.crd.rebalancing.tests.RebalancingTest" name="tc25_ibmSharesForDifferentPortfolioSizes" time="1.439"/>
  <testcase classname="com.crd.rebalancing.tests.RebalancingTest" name="tc25_ibmSharesForDifferentPortfolioSizes" time="0.229"/>
  <testcase classname="com.crd.rebalancing.tests.RebalancingTest" name="tc25_ibmSharesForDifferentPortfolioSizes" time="0.220"/>
  <testcase classname="com.crd.rebalancing.tests.RebalancingTest" name="tc22_allZeroVarianceAllHold" time="1.956"/>
  <testcase classname="com.crd.rebalancing.tests.RebalancingTest" name="tc24_allSecuritiesNeedSell" time="1.854"/>
  <testcase classname="com.crd.rebalancing.tests.RebalancingTest" name="tc03_resultsSectionVisibleAfterCalculate" time="0.275"/>
  <testcase classname="com.crd.rebalancing.tests.RebalancingTest" name="tc17_orclVarianceDisplay" time="0.139"/>
  <testcase classname="com.crd.rebalancing.tests.RebalancingTest" name="tc26_correctSharesPerSecurity" time="0.209"/>
  <testcase classname="com.crd.rebalancing.tests.RebalancingTest" name="tc25_ibmSharesForDifferentPortfolioSizes" time="0.195"/>
  <testcase classname="com.crd.rebalancing.tests.RebalancingTest" name="tc12_resultRowCount" time="0.132"/>
  <testcase classname="com.crd.rebalancing.tests.RebalancingTest" name="tc10_aaplHold" time="0.186"/>
  <testcase classname="com.crd.rebalancing.tests.RebalancingTest" name="tc27_addedSecurityAppearsInResults" time="1.617"/>
  <testcase classname="com.crd.rebalancing.tests.RebalancingTest" name="tc15_msftDollarAmountZero" time="0.124"/>
  <testcase classname="com.crd.rebalancing.tests.RebalancingTest" name="tc26_correctSharesPerSecurity" time="0.166"/>
  <testcase classname="com.crd.rebalancing.tests.RebalancingTest" name="tc26_correctSharesPerSecurity" time="0.147"/>
</testsuite> <!-- com.crd.rebalancing.tests.RebalancingTest -->
